<?xml version="1.0" encoding="UTF-8"?>
<testsuite name="com.example.IOT_HELL.IotHellApplicationTests" tests="1" skipped="0" failures="0" errors="0" timestamp="2568-03-06T06:21:46" hostname="PLAK" time="0.496">
  <properties/>
  <testcase name="contextLoads()" classname="com.example.IOT_HELL.IotHellApplicationTests" time="0.496"/>
  <system-out><![CDATA[Standard Commons Logging discovery in action with spring-jcl: please remove commons-logging.jar from classpath in order to avoid potential conflicts
13:21:39.435 [Test worker] INFO org.springframework.test.context.support.AnnotationConfigContextLoaderUtils -- Could not detect default configuration classes for test class [com.example.IOT_HELL.IotHellApplicationTests]: IotHellApplicationTests does not declare any static, non-private, non-final, nested classes annotated with @Configuration.
13:21:39.550 [Test worker] INFO org.springframework.boot.test.context.SpringBootTestContextBootstrapper -- Found @SpringBootConfiguration com.example.IOT_HELL.IotHellApplication for test class com.example.IOT_HELL.IotHellApplicationTests

  .   ____          _            __ _ _
 /\\ / ___'_ __ _ _(_)_ __  __ _ \ \ \ \
( ( )\___ | '_ | '_| | '_ \/ _` | \ \ \ \
 \\/  ___)| |_)| | | | | || (_| |  ) ) ) )
  '  |____| .__|_| |_|_| |_\__, | / / / /
 =========|_|==============|___/=/_/_/_/
 :: Spring Boot ::                (v3.2.2)

2025-03-06T13:21:39.891+07:00  INFO 23616 --- [IOT-HELL] [    Test worker] c.e.IOT_HELL.IotHellApplicationTests     : Starting IotHellApplicationTests using Java 17.0.12 with PID 23616 (started by thewi in D:\IOT-HELL)
2025-03-06T13:21:39.893+07:00  INFO 23616 --- [IOT-HELL] [    Test worker] c.e.IOT_HELL.IotHellApplicationTests     : No active profile set, falling back to 1 default profile: "default"
2025-03-06T13:21:40.886+07:00  INFO 23616 --- [IOT-HELL] [    Test worker] .s.d.r.c.RepositoryConfigurationDelegate : Bootstrapping Spring Data JPA repositories in DEFAULT mode.
2025-03-06T13:21:40.947+07:00  INFO 23616 --- [IOT-HELL] [    Test worker] .s.d.r.c.RepositoryConfigurationDelegate : Finished Spring Data repository scanning in 54 ms. Found 3 JPA repository interfaces.
2025-03-06T13:21:41.646+07:00  INFO 23616 --- [IOT-HELL] [    Test worker] o.hibernate.jpa.internal.util.LogHelper  : HHH000204: Processing PersistenceUnitInfo [name: default]
2025-03-06T13:21:41.703+07:00  INFO 23616 --- [IOT-HELL] [    Test worker] org.hibernate.Version                    : HHH000412: Hibernate ORM core version 6.4.1.Final
2025-03-06T13:21:41.739+07:00  INFO 23616 --- [IOT-HELL] [    Test worker] o.h.c.internal.RegionFactoryInitiator    : HHH000026: Second-level cache disabled
2025-03-06T13:21:41.973+07:00  INFO 23616 --- [IOT-HELL] [    Test worker] o.s.o.j.p.SpringPersistenceUnitInfo      : No LoadTimeWeaver setup: ignoring JPA class transformer
2025-03-06T13:21:41.994+07:00  INFO 23616 --- [IOT-HELL] [    Test worker] com.zaxxer.hikari.HikariDataSource       : sso-service-pool - Starting...
2025-03-06T13:21:42.133+07:00  INFO 23616 --- [IOT-HELL] [    Test worker] com.zaxxer.hikari.pool.HikariPool        : sso-service-pool - Added connection org.postgresql.jdbc.PgConnection@43090195
2025-03-06T13:21:42.134+07:00  INFO 23616 --- [IOT-HELL] [    Test worker] com.zaxxer.hikari.HikariDataSource       : sso-service-pool - Start completed.
2025-03-06T13:21:42.160+07:00  WARN 23616 --- [IOT-HELL] [    Test worker] org.hibernate.orm.deprecation            : HHH90000025: PostgreSQLDialect does not need to be specified explicitly using 'hibernate.dialect' (remove the property setting and it will be selected by default)
2025-03-06T13:21:42.803+07:00  INFO 23616 --- [IOT-HELL] [    Test worker] o.h.e.t.j.p.i.JtaPlatformInitiator       : HHH000489: No JTA platform available (set 'hibernate.transaction.jta.platform' to enable JTA platform integration)
2025-03-06T13:21:42.842+07:00  INFO 23616 --- [IOT-HELL] [    Test worker] j.LocalContainerEntityManagerFactoryBean : Initialized JPA EntityManagerFactory for persistence unit 'default'
2025-03-06T13:21:42.881+07:00  WARN 23616 --- [IOT-HELL] [    Test worker] JpaBaseConfiguration$JpaWebConfiguration : spring.jpa.open-in-view is enabled by default. Therefore, database queries may be performed during view rendering. Explicitly configure spring.jpa.open-in-view to disable this warning
2025-03-06T13:21:44.463+07:00  INFO 23616 --- [IOT-HELL] [    Test worker] o.s.d.j.r.query.QueryEnhancerFactory     : Hibernate is in classpath; If applicable, HQL parser will be used.
2025-03-06T13:21:44.898+07:00  INFO 23616 --- [IOT-HELL] [    Test worker] c.e.I.service.Impl.FirebaseService       : ✅ FirebaseService initialized successfully.
2025-03-06T13:21:45.543+07:00  INFO 23616 --- [IOT-HELL] [    Test worker] o.s.b.a.e.web.EndpointLinksResolver      : Exposing 1 endpoint(s) beneath base path '/actuator'
2025-03-06T13:21:45.628+07:00  INFO 23616 --- [IOT-HELL] [    Test worker] o.s.s.web.DefaultSecurityFilterChain     : Will secure any request with [org.springframework.security.web.session.DisableEncodeUrlFilter@42c661d4, org.springframework.security.web.context.request.async.WebAsyncManagerIntegrationFilter@3405202c, org.springframework.security.web.context.SecurityContextHolderFilter@56584f06, org.springframework.security.web.header.HeaderWriterFilter@25b2d26a, org.springframework.web.filter.CorsFilter@dffa7ce, org.springframework.security.web.authentication.logout.LogoutFilter@6e0a9752, com.example.IOT_HELL.config.JwtFilter@f9d8285, org.springframework.security.web.authentication.www.BasicAuthenticationFilter@35c5e4c5, org.springframework.security.web.savedrequest.RequestCacheAwareFilter@53f7759c, org.springframework.security.web.servletapi.SecurityContextHolderAwareRequestFilter@74355746, org.springframework.security.web.authentication.AnonymousAuthenticationFilter@2fcc32ae, org.springframework.security.web.session.SessionManagementFilter@12919b7b, org.springframework.security.web.access.ExceptionTranslationFilter@5ae50044, org.springframework.security.web.access.intercept.AuthorizationFilter@21e470cc]
2025-03-06T13:21:46.318+07:00  INFO 23616 --- [IOT-HELL] [    Test worker] o.s.m.s.b.SimpleBrokerMessageHandler     : Starting...
2025-03-06T13:21:46.325+07:00  INFO 23616 --- [IOT-HELL] [    Test worker] o.s.m.s.b.SimpleBrokerMessageHandler     : BrokerAvailabilityEvent[available=true, SimpleBrokerMessageHandler [org.springframework.messaging.simp.broker.DefaultSubscriptionRegistry@244cdad1]]
2025-03-06T13:21:46.325+07:00  INFO 23616 --- [IOT-HELL] [    Test worker] o.s.m.s.b.SimpleBrokerMessageHandler     : Started.
2025-03-06T13:21:46.342+07:00  INFO 23616 --- [IOT-HELL] [    Test worker] c.e.IOT_HELL.IotHellApplicationTests     : Started IotHellApplicationTests in 6.652 seconds (process running for 7.722)
]]></system-out>
  <system-err><![CDATA[]]></system-err>
</testsuite>
